= Host-specific information ====================================================
$> hostname; uname -msr
c3r1p14.1337.ma
Linux 6.8.0-124-generic x86_64
$> date
Thu Jun 18 11:01:02 AM +01 2026

= User files collection ========================================================
Collecting user files from Vogsphere
Repository URL: git@vogsphere.1337.ma:exam-2026-06-18/sksioui_42next-exam-rank-02_exam_18h57m00s.git

= Git history ==================================================================
$> git -C /tmp/tmpro7ao_so/user log --pretty='%H - %an, %ad : %s'
cd5639c3354939de8a21c79fca57912bcc6fd5a0 - Exam 42, Thu Jun 18 11:00:49 2026 +0100 : done
ffa5429932dbdc0e7f98a881aa0991b847a5fbc8 - Exam 42, Thu Jun 18 10:15:40 2026 +0100 : done
be7bea90b2b564851ff463f651d773b5367051c7 - Exam 42, Thu Jun 18 10:09:07 2026 +0100 : done
 
= Collected files ==========================================
$> ls -lAR /tmp/tmpro7ao_so/user
/tmp/tmpro7ao_so/user:
total 16
-rw-r--r-- 1 root root  740 Jun 18 11:01 __GIT_HISTORY
drwxr-xr-x 2 root root 4096 Jun 18 11:01 py_constellation_mapper
drwxr-xr-x 2 root root 4096 Jun 18 11:01 py_list_intersection_finder
drwxr-xr-x 2 root root 4096 Jun 18 11:01 py_package_dependency_resolver

/tmp/tmpro7ao_so/user/py_constellation_mapper:
total 4
-rw-r--r-- 1 root root 321 Jun 18 11:01 py_constellation_mapper.py

/tmp/tmpro7ao_so/user/py_list_intersection_finder:
total 4
-rw-r--r-- 1 root root 362 Jun 18 11:01 py_list_intersection_finder.py

/tmp/tmpro7ao_so/user/py_package_dependency_resolver:
total 4
-rw-r--r-- 1 root root 837 Jun 18 11:01 py_package_dependency_resolver.py
 
= py_package_dependency_resolver ===============================================
Test 1: PASS
Test 2: PASS
Test 3: FAIL - Expected: ['api', 'web', 'backend', 'frontend'], Got: ['web', 'api', 'frontend', 'backend']; input was: `{'web': [], 'api': [], 'frontend': ['web'], 'backend': ['api']}`
Grade: 0

= Final grade: 0 ===============================================================
