= Host-specific information ====================================================
$> hostname; uname -msr
c2r4p1.1337.ma
Linux 6.8.0-124-generic x86_64
$> date
Thu Jun 18 11:06:38 AM +01 2026

= User files collection ========================================================
Collecting user files from Vogsphere
Repository URL: git@vogsphere.1337.ma:exam-2026-06-18/sksioui_42next-exam-rank-02_exam_18h57m00s.git

= Git history ==================================================================
$> git -C /tmp/tmpnp0h4lwh/user log --pretty='%H - %an, %ad : %s'
bd4b11262e910f2957e85a37060937c759d4a625 - Exam 42, Thu Jun 18 11:06:22 2026 +0100 : done
cd5639c3354939de8a21c79fca57912bcc6fd5a0 - Exam 42, Thu Jun 18 11:00:49 2026 +0100 : done
ffa5429932dbdc0e7f98a881aa0991b847a5fbc8 - Exam 42, Thu Jun 18 10:15:40 2026 +0100 : done
be7bea90b2b564851ff463f651d773b5367051c7 - Exam 42, Thu Jun 18 10:09:07 2026 +0100 : done
 
= Collected files ==========================================
$> ls -lAR /tmp/tmpnp0h4lwh/user
/tmp/tmpnp0h4lwh/user:
total 16
-rw-r--r-- 1 root root  997 Jun 18 11:06 __GIT_HISTORY
drwxr-xr-x 2 root root 4096 Jun 18 11:06 py_constellation_mapper
drwxr-xr-x 2 root root 4096 Jun 18 11:06 py_list_intersection_finder
drwxr-xr-x 2 root root 4096 Jun 18 11:06 py_package_dependency_resolver

/tmp/tmpnp0h4lwh/user/py_constellation_mapper:
total 4
-rw-r--r-- 1 root root 321 Jun 18 11:06 py_constellation_mapper.py

/tmp/tmpnp0h4lwh/user/py_list_intersection_finder:
total 4
-rw-r--r-- 1 root root 362 Jun 18 11:06 py_list_intersection_finder.py

/tmp/tmpnp0h4lwh/user/py_package_dependency_resolver:
total 4
-rw-r--r-- 1 root root 841 Jun 18 11:06 py_package_dependency_resolver.py
 
= py_package_dependency_resolver ===============================================
Test 1: PASS
Test 2: PASS
Test 3: PASS
Test 4: PASS
Test 5: PASS
Test 6: PASS
Test 7: PASS
Test 8: PASS
Test 9: PASS
Test 10: PASS
Test 11: FAIL - Expected: ['db', 'app'], Got: ['db']; input was: `{'app': ['nonexistent', 'db'], 'db': []}`
Grade: 0

= Final grade: 0 ===============================================================
