= Host-specific information ====================================================
$> hostname; uname -msr
c2r3p13.1337.ma
Linux 6.8.0-124-generic x86_64
$> date
Thu Jun 18 11:11:41 AM +01 2026

= User files collection ========================================================
Collecting user files from Vogsphere
Repository URL: git@vogsphere.1337.ma:exam-2026-06-18/sksioui_42next-exam-rank-02_exam_18h57m00s.git

= Git history ==================================================================
$> git -C /tmp/tmpd_qs73h8/user log --pretty='%H - %an, %ad : %s'
1d3396ccbd9535ac63fa95e20065a8110f5f9647 - Exam 42, Thu Jun 18 11:11:18 2026 +0100 : done
bd4b11262e910f2957e85a37060937c759d4a625 - Exam 42, Thu Jun 18 11:06:22 2026 +0100 : done
cd5639c3354939de8a21c79fca57912bcc6fd5a0 - Exam 42, Thu Jun 18 11:00:49 2026 +0100 : done
ffa5429932dbdc0e7f98a881aa0991b847a5fbc8 - Exam 42, Thu Jun 18 10:15:40 2026 +0100 : done
be7bea90b2b564851ff463f651d773b5367051c7 - Exam 42, Thu Jun 18 10:09:07 2026 +0100 : done
 
= Collected files ==========================================
$> ls -lAR /tmp/tmpd_qs73h8/user
/tmp/tmpd_qs73h8/user:
total 16
-rw-r--r-- 1 root root 1259 Jun 18 11:11 __GIT_HISTORY
drwxr-xr-x 2 root root 4096 Jun 18 11:11 py_constellation_mapper
drwxr-xr-x 2 root root 4096 Jun 18 11:11 py_list_intersection_finder
drwxr-xr-x 2 root root 4096 Jun 18 11:11 py_package_dependency_resolver

/tmp/tmpd_qs73h8/user/py_constellation_mapper:
total 4
-rw-r--r-- 1 root root 321 Jun 18 11:11 py_constellation_mapper.py

/tmp/tmpd_qs73h8/user/py_list_intersection_finder:
total 4
-rw-r--r-- 1 root root 362 Jun 18 11:11 py_list_intersection_finder.py

/tmp/tmpd_qs73h8/user/py_package_dependency_resolver:
total 4
-rw-r--r-- 1 root root 805 Jun 18 11:11 py_package_dependency_resolver.py
 
= py_package_dependency_resolver ===============================================
Test 1: PASS
Test 2: FAIL - Expected: ['A', 'B', 'C'], Got: ['A', 'B', 'C', 'C']; input was: `{'A': [], 'B': ['A'], 'C': ['A', 'B']}`
Grade: 0

= Final grade: 0 ===============================================================
