= Host-specific information ====================================================
$> hostname; uname -msr
c1r4p11.1337.ma
Linux 6.8.0-124-generic x86_64
$> date
Thu Jun 18 11:33:54 AM +01 2026

= User files collection ========================================================
Collecting user files from Vogsphere
Repository URL: git@vogsphere.1337.ma:exam-2026-06-18/sksioui_42next-exam-rank-02_exam_18h57m00s.git

= Git history ==================================================================
$> git -C /tmp/tmp75d31n3j/user log --pretty='%H - %an, %ad : %s'
e7d9853ed5a4a4d1b0e264a53f5cec4faa16e107 - Exam 42, Thu Jun 18 11:33:42 2026 +0100 : done
7951c7e8e41cd93a691f904576a69048545b0d4e - Exam 42, Thu Jun 18 11:20:08 2026 +0100 : done
1d3396ccbd9535ac63fa95e20065a8110f5f9647 - Exam 42, Thu Jun 18 11:11:18 2026 +0100 : done
bd4b11262e910f2957e85a37060937c759d4a625 - Exam 42, Thu Jun 18 11:06:22 2026 +0100 : done
cd5639c3354939de8a21c79fca57912bcc6fd5a0 - Exam 42, Thu Jun 18 11:00:49 2026 +0100 : done
ffa5429932dbdc0e7f98a881aa0991b847a5fbc8 - Exam 42, Thu Jun 18 10:15:40 2026 +0100 : done
be7bea90b2b564851ff463f651d773b5367051c7 - Exam 42, Thu Jun 18 10:09:07 2026 +0100 : done
 
= Collected files ==========================================
$> ls -lAR /tmp/tmp75d31n3j/user
/tmp/tmp75d31n3j/user:
total 16
-rw-r--r-- 1 root root 1766 Jun 18 11:33 __GIT_HISTORY
drwxr-xr-x 2 root root 4096 Jun 18 11:33 py_constellation_mapper
drwxr-xr-x 2 root root 4096 Jun 18 11:33 py_list_intersection_finder
drwxr-xr-x 2 root root 4096 Jun 18 11:33 py_package_dependency_resolver

/tmp/tmp75d31n3j/user/py_constellation_mapper:
total 4
-rw-r--r-- 1 root root 321 Jun 18 11:33 py_constellation_mapper.py

/tmp/tmp75d31n3j/user/py_list_intersection_finder:
total 4
-rw-r--r-- 1 root root 362 Jun 18 11:33 py_list_intersection_finder.py

/tmp/tmp75d31n3j/user/py_package_dependency_resolver:
total 4
-rw-r--r-- 1 root root 1084 Jun 18 11:33 py_package_dependency_resolver.py
 
= py_package_dependency_resolver ===============================================
Test 1: PASS
Test 2: PASS
Test 3: PASS
Test 4: PASS
Test 5: PASS
Test 6: PASS
Test 7: PASS
Test 8: PASS
Test 9: PASS
Test 10: PASS
Test 11: PASS
Test 12: PASS
Test 13: PASS
Test 14: FAIL - Expected: ['styles', 'utils', 'components', 'ui'], Got: ['utils', 'styles', 'components', 'ui']; input was: `{'ui': ['styles', 'components'], 'styles': [], 'components': ['utils'], 'utils': []}`
Grade: 0

= Final grade: 0 ===============================================================
