= Host-specific information ====================================================
$> hostname; uname -msr
c1r6p6.1337.ma
Linux 6.8.0-124-generic x86_64
$> date
Thu Jun 18 12:07:56 PM +01 2026

= User files collection ========================================================
Collecting user files from Vogsphere
Repository URL: git@vogsphere.1337.ma:exam-2026-06-18/sksioui_42next-exam-rank-02_exam_18h57m00s.git

= Git history ==================================================================
$> git -C /tmp/tmp66zozx74/user log --pretty='%H - %an, %ad : %s'
7628eb74074a7fcc6dfa03c11c8c8ec47e710ef8 - Exam 42, Thu Jun 18 12:07:44 2026 +0100 : done
9f401ec8b6c3877dc4b9e18cdb1399c2cc6ec355 - Exam 42, Thu Jun 18 11:43:48 2026 +0100 : done
e7d9853ed5a4a4d1b0e264a53f5cec4faa16e107 - Exam 42, Thu Jun 18 11:33:42 2026 +0100 : done
7951c7e8e41cd93a691f904576a69048545b0d4e - Exam 42, Thu Jun 18 11:20:08 2026 +0100 : done
1d3396ccbd9535ac63fa95e20065a8110f5f9647 - Exam 42, Thu Jun 18 11:11:18 2026 +0100 : done
bd4b11262e910f2957e85a37060937c759d4a625 - Exam 42, Thu Jun 18 11:06:22 2026 +0100 : done
cd5639c3354939de8a21c79fca57912bcc6fd5a0 - Exam 42, Thu Jun 18 11:00:49 2026 +0100 : done
ffa5429932dbdc0e7f98a881aa0991b847a5fbc8 - Exam 42, Thu Jun 18 10:15:40 2026 +0100 : done
be7bea90b2b564851ff463f651d773b5367051c7 - Exam 42, Thu Jun 18 10:09:07 2026 +0100 : done
 
= Collected files ==========================================
$> ls -lAR /tmp/tmp66zozx74/user
/tmp/tmp66zozx74/user:
total 20
-rw-r--r-- 1 root root 2271 Jun 18 12:07 __GIT_HISTORY
drwxr-xr-x 2 root root 4096 Jun 18 12:07 py_constellation_mapper
drwxr-xr-x 2 root root 4096 Jun 18 12:07 py_list_intersection_finder
drwxr-xr-x 2 root root 4096 Jun 18 12:07 py_package_dependency_resolver
drwxr-xr-x 2 root root 4096 Jun 18 12:07 py_sliding_window_maximum

/tmp/tmp66zozx74/user/py_constellation_mapper:
total 4
-rw-r--r-- 1 root root 321 Jun 18 12:07 py_constellation_mapper.py

/tmp/tmp66zozx74/user/py_list_intersection_finder:
total 4
-rw-r--r-- 1 root root 362 Jun 18 12:07 py_list_intersection_finder.py

/tmp/tmp66zozx74/user/py_package_dependency_resolver:
total 4
-rw-r--r-- 1 root root 1031 Jun 18 12:07 py_package_dependency_resolver.py

/tmp/tmp66zozx74/user/py_sliding_window_maximum:
total 4
-rw-r--r-- 1 root root 282 Jun 18 12:07 py_sliding_window_maximum.py
 
= py_sliding_window_maximum ====================================================
Test 1: PASS
Test 2: PASS
Test 3: PASS
Test 4: PASS
Test 5: PASS
Test 6: PASS
Test 7: PASS
Test 8: PASS
Test 9: PASS
Test 10: PASS
Test 11: PASS
Test 12: PASS
Test 13: PASS
Test 14: PASS
Test 15: PASS
Test 16: PASS
Test 17: PASS
Test 18: PASS
Grade: 1

= Final grade: 1 ===============================================================
